<?xml version="1.0" encoding="UTF-8"?>
<testng-results ignored="0" total="2" passed="2" failed="0" skipped="0">
  <reporter-output>
  </reporter-output>
  <suite started-at="2025-03-13T10:55:49 IST" name="Default suite" finished-at="2025-03-13T10:56:35 IST" duration-ms="45077">
    <groups>
      <group name="regressiontest">
        <method signature="CreateCampaignTest.createCampaignTest()[pri:0, instance:testNG.CreateCampaignTest@8458f04]" name="createCampaignTest" class="testNG.CreateCampaignTest"/>
      </group> <!-- regressiontest -->
    </groups>
    <test started-at="2025-03-13T10:55:49 IST" name="Default test" finished-at="2025-03-13T10:56:35 IST" duration-ms="45077">
      <class name="testNG.CreateCampaignTest">
        <test-method is-config="true" signature="BS()[pri:0, instance:testNG.CreateCampaignTest@8458f04]" started-at="2025-03-13T10:55:49 IST" name="BS" finished-at="2025-03-13T10:55:49 IST" duration-ms="24" status="PASS">
          <reporter-output>
          </reporter-output>
        </test-method> <!-- BS -->
        <test-method is-config="true" signature="BT()[pri:0, instance:testNG.CreateCampaignTest@8458f04]" started-at="2025-03-13T10:55:50 IST" name="BT" finished-at="2025-03-13T10:55:50 IST" duration-ms="4" status="PASS">
          <reporter-output>
          </reporter-output>
        </test-method> <!-- BT -->
        <test-method is-config="true" signature="BC()[pri:0, instance:testNG.CreateCampaignTest@8458f04]" started-at="2025-03-13T10:55:50 IST" name="BC" finished-at="2025-03-13T10:55:55 IST" duration-ms="4623" status="PASS">
          <reporter-output>
          </reporter-output>
        </test-method> <!-- BC -->
        <test-method is-config="true" signature="BM()[pri:0, instance:testNG.CreateCampaignTest@8458f04]" started-at="2025-03-13T10:55:55 IST" name="BM" finished-at="2025-03-13T10:56:01 IST" duration-ms="5817" status="PASS">
          <reporter-output>
          </reporter-output>
        </test-method> <!-- BM -->
        <test-method signature="createCampaignTest()[pri:0, instance:testNG.CreateCampaignTest@8458f04]" started-at="2025-03-13T10:56:01 IST" name="createCampaignTest" finished-at="2025-03-13T10:56:22 IST" duration-ms="21722" status="PASS">
          <reporter-output>
          </reporter-output>
        </test-method> <!-- createCampaignTest -->
        <test-method is-config="true" signature="AM()[pri:0, instance:testNG.CreateCampaignTest@8458f04]" started-at="2025-03-13T10:56:22 IST" name="AM" finished-at="2025-03-13T10:56:26 IST" duration-ms="3667" status="PASS">
          <reporter-output>
          </reporter-output>
        </test-method> <!-- AM -->
        <test-method is-config="true" signature="BM()[pri:0, instance:testNG.CreateCampaignTest@8458f04]" started-at="2025-03-13T10:56:26 IST" name="BM" finished-at="2025-03-13T10:56:30 IST" duration-ms="3484" status="PASS">
          <reporter-output>
          </reporter-output>
        </test-method> <!-- BM -->
        <test-method signature="m2()[pri:0, instance:testNG.CreateCampaignTest@8458f04]" started-at="2025-03-13T10:56:30 IST" name="m2" finished-at="2025-03-13T10:56:30 IST" duration-ms="6" status="PASS">
          <reporter-output>
          </reporter-output>
        </test-method> <!-- m2 -->
        <test-method is-config="true" signature="AM()[pri:0, instance:testNG.CreateCampaignTest@8458f04]" started-at="2025-03-13T10:56:30 IST" name="AM" finished-at="2025-03-13T10:56:35 IST" duration-ms="4985" status="PASS">
          <reporter-output>
          </reporter-output>
        </test-method> <!-- AM -->
        <test-method is-config="true" signature="AC()[pri:0, instance:testNG.CreateCampaignTest@8458f04]" started-at="2025-03-13T10:56:35 IST" name="AC" finished-at="2025-03-13T10:56:35 IST" duration-ms="4" status="PASS">
          <reporter-output>
          </reporter-output>
        </test-method> <!-- AC -->
        <test-method is-config="true" signature="AT()[pri:0, instance:testNG.CreateCampaignTest@8458f04]" started-at="2025-03-13T10:56:35 IST" name="AT" finished-at="2025-03-13T10:56:35 IST" duration-ms="1" status="PASS">
          <reporter-output>
          </reporter-output>
        </test-method> <!-- AT -->
        <test-method is-config="true" signature="AS()[pri:0, instance:testNG.CreateCampaignTest@8458f04]" started-at="2025-03-13T10:56:35 IST" name="AS" finished-at="2025-03-13T10:56:35 IST" duration-ms="1" status="PASS">
          <reporter-output>
          </reporter-output>
        </test-method> <!-- AS -->
      </class> <!-- testNG.CreateCampaignTest -->
    </test> <!-- Default test -->
  </suite> <!-- Default suite -->
</testng-results>
