<?xml version="1.0" encoding="UTF-8"?>
<testng-results ignored="0" total="1" passed="1" failed="0" skipped="0">
  <reporter-output>
  </reporter-output>
  <suite started-at="2025-03-05T16:17:56 IST" name="Default suite" finished-at="2025-03-05T16:18:45 IST" duration-ms="49346">
    <groups>
      <group name="regressiontest">
        <method signature="CreateCampaignTest.createCampaignTest()[pri:0, instance:testNG.CreateCampaignTest@606e4010]" name="createCampaignTest" class="testNG.CreateCampaignTest"/>
      </group> <!-- regressiontest -->
    </groups>
    <test started-at="2025-03-05T16:17:56 IST" name="Default test" finished-at="2025-03-05T16:18:45 IST" duration-ms="49346">
      <class name="testNG.CreateCampaignTest">
        <test-method is-config="true" signature="BS()[pri:0, instance:testNG.CreateCampaignTest@606e4010]" started-at="2025-03-05T16:17:56 IST" name="BS" finished-at="2025-03-05T16:17:56 IST" duration-ms="28" status="PASS">
          <reporter-output>
          </reporter-output>
        </test-method> <!-- BS -->
        <test-method is-config="true" signature="BT()[pri:0, instance:testNG.CreateCampaignTest@606e4010]" started-at="2025-03-05T16:17:57 IST" name="BT" finished-at="2025-03-05T16:17:57 IST" duration-ms="2" status="PASS">
          <reporter-output>
          </reporter-output>
        </test-method> <!-- BT -->
        <test-method is-config="true" signature="BC()[pri:0, instance:testNG.CreateCampaignTest@606e4010]" started-at="2025-03-05T16:17:57 IST" name="BC" finished-at="2025-03-05T16:18:02 IST" duration-ms="5367" status="PASS">
          <reporter-output>
          </reporter-output>
        </test-method> <!-- BC -->
        <test-method is-config="true" signature="BM()[pri:0, instance:testNG.CreateCampaignTest@606e4010]" started-at="2025-03-05T16:18:02 IST" name="BM" finished-at="2025-03-05T16:18:10 IST" duration-ms="8041" status="PASS">
          <reporter-output>
          </reporter-output>
        </test-method> <!-- BM -->
        <test-method signature="createCampaignTest()[pri:0, instance:testNG.CreateCampaignTest@606e4010]" started-at="2025-03-05T16:18:10 IST" name="createCampaignTest" finished-at="2025-03-05T16:18:41 IST" duration-ms="30139" status="PASS">
          <reporter-output>
          </reporter-output>
        </test-method> <!-- createCampaignTest -->
        <test-method is-config="true" signature="AM()[pri:0, instance:testNG.CreateCampaignTest@606e4010]" started-at="2025-03-05T16:18:41 IST" name="AM" finished-at="2025-03-05T16:18:45 IST" duration-ms="4531" status="PASS">
          <reporter-output>
          </reporter-output>
        </test-method> <!-- AM -->
        <test-method is-config="true" signature="AC()[pri:0, instance:testNG.CreateCampaignTest@606e4010]" started-at="2025-03-05T16:18:45 IST" name="AC" finished-at="2025-03-05T16:18:45 IST" duration-ms="11" status="PASS">
          <reporter-output>
          </reporter-output>
        </test-method> <!-- AC -->
        <test-method is-config="true" signature="AT()[pri:0, instance:testNG.CreateCampaignTest@606e4010]" started-at="2025-03-05T16:18:45 IST" name="AT" finished-at="2025-03-05T16:18:45 IST" duration-ms="0" status="PASS">
          <reporter-output>
          </reporter-output>
        </test-method> <!-- AT -->
        <test-method is-config="true" signature="AS()[pri:0, instance:testNG.CreateCampaignTest@606e4010]" started-at="2025-03-05T16:18:47 IST" name="AS" finished-at="2025-03-05T16:18:47 IST" duration-ms="1" status="PASS">
          <reporter-output>
          </reporter-output>
        </test-method> <!-- AS -->
      </class> <!-- testNG.CreateCampaignTest -->
    </test> <!-- Default test -->
  </suite> <!-- Default suite -->
</testng-results>
