<?xml version="1.0" encoding="UTF-8"?>
<!-- Generated by org.testng.reporters.JUnitXMLReporter -->
<testsuite ignored="16" hostname="DESKTOP-J8H0I4F" failures="0" tests="9" name="Surefire test" time="320.807" errors="0" timestamp="2025-03-06T16:49:41 IST">
  <testcase classname="testNG.CreateAndDeleteProductTest" name="createAndDeleteProductTest" time="28.162"/>
  <testcase classname="testNG.CreateCampaignTest" name="createCampaignTest" time="27.987"/>
  <testcase classname="testNG.CreateCampaignTest" name="m2" time="0.006"/>
  <testcase classname="testNG.CreateCampaignWithProductTest" name="createCampWithProdTest" time="47.623"/>
  <testcase classname="testNG.CreateOrganizationTest" name="createOrgTest" time="24.236"/>
  <testcase classname="testNG.CreateProductTest" name="createProductTest" time="79.09"/>
  <testcase classname="testNG.sampleTest" name="createProduct" time="0.003"/>
  <testcase classname="testNG.sampleTest" name="deleteProduct" time="0.01"/>
  <testcase classname="testNG.sampleTest" name="modifyProduct" time="0.002"/>
  <testcase classname="generic_Utility.BaseClassTest" name="@BeforeSuite BS" time="0.0">
    <ignored/>
  </testcase> <!-- @BeforeSuite BS -->
  <testcase classname="generic_Utility.BaseClassTest" name="@AfterTest AT" time="0.0">
    <ignored/>
  </testcase> <!-- @AfterTest AT -->
  <testcase classname="generic_Utility.BaseClassTest" name="@BeforeTest BT" time="0.0">
    <ignored/>
  </testcase> <!-- @BeforeTest BT -->
  <testcase classname="generic_Utility.BaseClassTest" name="@AfterSuite AS" time="0.0">
    <ignored/>
  </testcase> <!-- @AfterSuite AS -->
  <testcase classname="generic_Utility.BaseClassTest" name="@AfterTest AT" time="0.0">
    <ignored/>
  </testcase> <!-- @AfterTest AT -->
  <testcase classname="generic_Utility.BaseClassTest" name="@BeforeTest BT" time="0.0">
    <ignored/>
  </testcase> <!-- @BeforeTest BT -->
  <testcase classname="generic_Utility.BaseClassTest" name="@AfterSuite AS" time="0.0">
    <ignored/>
  </testcase> <!-- @AfterSuite AS -->
  <testcase classname="generic_Utility.BaseClassTest" name="@BeforeSuite BS" time="0.0">
    <ignored/>
  </testcase> <!-- @BeforeSuite BS -->
  <testcase classname="generic_Utility.BaseClassTest" name="@BeforeTest BT" time="0.0">
    <ignored/>
  </testcase> <!-- @BeforeTest BT -->
  <testcase classname="generic_Utility.BaseClassTest" name="@AfterSuite AS" time="0.0">
    <ignored/>
  </testcase> <!-- @AfterSuite AS -->
  <testcase classname="generic_Utility.BaseClassTest" name="@BeforeSuite BS" time="0.0">
    <ignored/>
  </testcase> <!-- @BeforeSuite BS -->
  <testcase classname="generic_Utility.BaseClassTest" name="@AfterTest AT" time="0.0">
    <ignored/>
  </testcase> <!-- @AfterTest AT -->
  <testcase classname="generic_Utility.BaseClassTest" name="@AfterTest AT" time="0.0">
    <ignored/>
  </testcase> <!-- @AfterTest AT -->
  <testcase classname="generic_Utility.BaseClassTest" name="@BeforeTest BT" time="0.0">
    <ignored/>
  </testcase> <!-- @BeforeTest BT -->
  <testcase classname="generic_Utility.BaseClassTest" name="@AfterSuite AS" time="0.0">
    <ignored/>
  </testcase> <!-- @AfterSuite AS -->
  <testcase classname="generic_Utility.BaseClassTest" name="@BeforeSuite BS" time="0.0">
    <ignored/>
  </testcase> <!-- @BeforeSuite BS -->
</testsuite> <!-- Surefire test -->
